xwinwrap: window type - override
mpv died, exit status 4
xwinwrap: window type - override
xwinwrap: window type - override
mpv died, exit status 4
X Error of failed request:  BadWindow (invalid Window parameter)
  Major opcode of failed request:  4 (X_DestroyWindow)
  Resource id in failed request:  0x1600002
  Serial number of failed request:  54
  Current serial number in output stream:  57
mpv died, exit status 1
X Error of failed request:  BadWindow (invalid Window parameter)
  Major opcode of failed request:  4 (X_DestroyWindow)
  Resource id in failed request:  0x1c00001
  Serial number of failed request:  49
  Current serial number in output stream:  51
xwinwrap: window type - override
mpv died, exit status 4
xwinwrap: window type - override
mpv died, exit status 4
xwinwrap: window type - override
mpv died, exit status 4
xwinwrap: window type - override
MESA-INTEL: warning: ../mesa-25.2.4/src/intel/vulkan/anv_formats.c:981: FINISHME: support more multi-planar formats with DRM modifiers
mpv died, exit status 4
xwinwrap: window type - override
MESA-INTEL: warning: ../mesa-25.2.4/src/intel/vulkan/anv_formats.c:981: FINISHME: support more multi-planar formats with DRM modifiers
mpv died, exit status 4
xwinwrap: window type - override
MESA-INTEL: warning: ../mesa-25.2.4/src/intel/vulkan/anv_formats.c:981: FINISHME: support more multi-planar formats with DRM modifiers
xwinwrap: window type - override
MESA-INTEL: warning: ../mesa-25.2.4/src/intel/vulkan/anv_formats.c:981: FINISHME: support more multi-planar formats with DRM modifiers
mpv died, exit status 4
MESA-INTEL: warning: ../mesa-25.2.4/src/intel/vulkan/anv_formats.c:981: FINISHME: support more multi-planar formats with DRM modifiers
mpv died, exit status 0
X Error of failed request:  BadWindow (invalid Window parameter)
  Major opcode of failed request:  4 (X_DestroyWindow)
  Resource id in failed request:  0x1a00001
  Serial number of failed request:  189
  Current serial number in output stream:  191
MESA-INTEL: warning: ../mesa-25.2.4/src/intel/vulkan/anv_formats.c:981: FINISHME: support more multi-planar formats with DRM modifiers
mpv died, exit status 0
X Error of failed request:  BadWindow (invalid Window parameter)
  Major opcode of failed request:  4 (X_DestroyWindow)
  Resource id in failed request:  0x1a00001
  Serial number of failed request:  189
  Current serial number in output stream:  191
xwinwrap: window type - override
mpv died, exit status 4
xwinwrap: window type - override
mpv died, exit status 4
MESA-INTEL: warning: ../mesa-25.2.4/src/intel/vulkan/anv_formats.c:981: FINISHME: support more multi-planar formats with DRM modifiers
mpv died, exit status 0
X Error of failed request:  BadWindow (invalid Window parameter)
  Major opcode of failed request:  4 (X_DestroyWindow)
  Resource id in failed request:  0x1a00001
  Serial number of failed request:  194
  Current serial number in output stream:  196
xwinwrap: window type - override
MESA-INTEL: warning: ../mesa-25.2.4/src/intel/vulkan/anv_formats.c:981: FINISHME: support more multi-planar formats with DRM modifiers
mpv died, exit status 4
xwinwrap: window type - override
MESA-INTEL: warning: ../mesa-25.2.4/src/intel/vulkan/anv_formats.c:981: FINISHME: support more multi-planar formats with DRM modifiers
mpv died, exit status 4
xwinwrap: window type - override
MESA-INTEL: warning: ../mesa-25.2.4/src/intel/vulkan/anv_formats.c:981: FINISHME: support more multi-planar formats with DRM modifiers
mpv died, exit status 4
xwinwrap: window type - override
MESA-INTEL: warning: ../mesa-25.2.4/src/intel/vulkan/anv_formats.c:981: FINISHME: support more multi-planar formats with DRM modifiers
mpv died, exit status 0
X Error of failed request:  BadWindow (invalid Window parameter)
  Major opcode of failed request:  4 (X_DestroyWindow)
  Resource id in failed request:  0x1400001
  Serial number of failed request:  83
  Current serial number in output stream:  85
xwinwrap: window type - override
MESA-INTEL: warning: ../mesa-25.2.4/src/intel/vulkan/anv_formats.c:981: FINISHME: support more multi-planar formats with DRM modifiers
mpv died, exit status 4
xwinwrap: window type - override
MESA-INTEL: warning: ../mesa-25.2.4/src/intel/vulkan/anv_formats.c:981: FINISHME: support more multi-planar formats with DRM modifiers
mpv died, exit status 4
xwinwrap: window type - override
MESA-INTEL: warning: ../mesa-25.2.4/src/intel/vulkan/anv_formats.c:981: FINISHME: support more multi-planar formats with DRM modifiers
mpv died, exit status 4
xwinwrap: window type - override
MESA-INTEL: warning: ../mesa-25.2.4/src/intel/vulkan/anv_formats.c:981: FINISHME: support more multi-planar formats with DRM modifiers
mpv died, exit status 4
xwinwrap: window type - override
MESA-INTEL: warning: ../mesa-25.2.4/src/intel/vulkan/anv_formats.c:981: FINISHME: support more multi-planar formats with DRM modifiers
mpv died, exit status 4
xwinwrap: window type - override
MESA-INTEL: warning: ../mesa-25.2.4/src/intel/vulkan/anv_formats.c:981: FINISHME: support more multi-planar formats with DRM modifiers
mpv died, exit status 4
xwinwrap: window type - override
MESA-INTEL: warning: ../mesa-25.2.4/src/intel/vulkan/anv_formats.c:981: FINISHME: support more multi-planar formats with DRM modifiers
mpv died, exit status 4
xwinwrap: window type - override
MESA-INTEL: warning: ../mesa-25.2.4/src/intel/vulkan/anv_formats.c:981: FINISHME: support more multi-planar formats with DRM modifiers
mpv died, exit status 4
xwinwrap: window type - override
mpv died, exit status 1
